I, [2018-11-10T04:34:10.694463 #1023]  INFO -- : Refreshing Gem list
I, [2018-11-10T04:35:17.661640 #1023]  INFO -- : listening on addr=127.0.0.1:8080 fd=26
F, [2018-11-10T04:35:17.682304 #1023] FATAL -- : error adding listener addr=/var/opt/gitlab/gitlab-rails/sockets/gitlab.socket
Errno::ENAMETOOLONG: File name too long - connect(2) for /var/opt/gitlab/gitlab-rails/sockets/gitlab.socket
  /opt/gitlab/embedded/lib/ruby/gems/2.4.0/gems/unicorn-5.1.0/lib/unicorn/socket_helper.rb:122:in `initialize'
  /opt/gitlab/embedded/lib/ruby/gems/2.4.0/gems/unicorn-5.1.0/lib/unicorn/socket_helper.rb:122:in `new'
  /opt/gitlab/embedded/lib/ruby/gems/2.4.0/gems/unicorn-5.1.0/lib/unicorn/socket_helper.rb:122:in `bind_listen'
  /opt/gitlab/embedded/lib/ruby/gems/2.4.0/gems/unicorn-5.1.0/lib/unicorn/http_server.rb:231:in `listen'
  /opt/gitlab/embedded/lib/ruby/gems/2.4.0/gems/unicorn-5.1.0/lib/unicorn/http_server.rb:808:in `block in bind_new_listeners!'
  /opt/gitlab/embedded/lib/ruby/gems/2.4.0/gems/unicorn-5.1.0/lib/unicorn/http_server.rb:808:in `each'
  /opt/gitlab/embedded/lib/ruby/gems/2.4.0/gems/unicorn-5.1.0/lib/unicorn/http_server.rb:808:in `bind_new_listeners!'
  /opt/gitlab/embedded/lib/ruby/gems/2.4.0/gems/unicorn-5.1.0/lib/unicorn/http_server.rb:130:in `start'
  /opt/gitlab/embedded/lib/ruby/gems/2.4.0/gems/unicorn-5.1.0/bin/unicorn:126:in `<top (required)>'
  /opt/gitlab/embedded/bin/unicorn:23:in `load'
  /opt/gitlab/embedded/bin/unicorn:23:in `<top (required)>'
I, [2018-11-10T04:35:20.393543 #1365]  INFO -- : Refreshing Gem list
I, [2018-11-10T04:36:28.687166 #1365]  INFO -- : listening on addr=127.0.0.1:8080 fd=27
F, [2018-11-10T04:36:28.691295 #1365] FATAL -- : error adding listener addr=/var/opt/gitlab/gitlab-rails/sockets/gitlab.socket
Errno::ENAMETOOLONG: File name too long - connect(2) for /var/opt/gitlab/gitlab-rails/sockets/gitlab.socket
  /opt/gitlab/embedded/lib/ruby/gems/2.4.0/gems/unicorn-5.1.0/lib/unicorn/socket_helper.rb:122:in `initialize'
  /opt/gitlab/embedded/lib/ruby/gems/2.4.0/gems/unicorn-5.1.0/lib/unicorn/socket_helper.rb:122:in `new'
  /opt/gitlab/embedded/lib/ruby/gems/2.4.0/gems/unicorn-5.1.0/lib/unicorn/socket_helper.rb:122:in `bind_listen'
  /opt/gitlab/embedded/lib/ruby/gems/2.4.0/gems/unicorn-5.1.0/lib/unicorn/http_server.rb:231:in `listen'
  /opt/gitlab/embedded/lib/ruby/gems/2.4.0/gems/unicorn-5.1.0/lib/unicorn/http_server.rb:808:in `block in bind_new_listeners!'
  /opt/gitlab/embedded/lib/ruby/gems/2.4.0/gems/unicorn-5.1.0/lib/unicorn/http_server.rb:808:in `each'
  /opt/gitlab/embedded/lib/ruby/gems/2.4.0/gems/unicorn-5.1.0/lib/unicorn/http_server.rb:808:in `bind_new_listeners!'
  /opt/gitlab/embedded/lib/ruby/gems/2.4.0/gems/unicorn-5.1.0/lib/unicorn/http_server.rb:130:in `start'
  /opt/gitlab/embedded/lib/ruby/gems/2.4.0/gems/unicorn-5.1.0/bin/unicorn:126:in `<top (required)>'
  /opt/gitlab/embedded/bin/unicorn:23:in `load'
  /opt/gitlab/embedded/bin/unicorn:23:in `<top (required)>'
I, [2018-11-10T04:36:30.819451 #1775]  INFO -- : Refreshing Gem list
I, [2018-11-10T04:37:21.109831 #1775]  INFO -- : listening on addr=127.0.0.1:8080 fd=24
F, [2018-11-10T04:37:21.113541 #1775] FATAL -- : error adding listener addr=/var/opt/gitlab/gitlab-rails/sockets/gitlab.socket
Errno::ENAMETOOLONG: File name too long - connect(2) for /var/opt/gitlab/gitlab-rails/sockets/gitlab.socket
  /opt/gitlab/embedded/lib/ruby/gems/2.4.0/gems/unicorn-5.1.0/lib/unicorn/socket_helper.rb:122:in `initialize'
  /opt/gitlab/embedded/lib/ruby/gems/2.4.0/gems/unicorn-5.1.0/lib/unicorn/socket_helper.rb:122:in `new'
  /opt/gitlab/embedded/lib/ruby/gems/2.4.0/gems/unicorn-5.1.0/lib/unicorn/socket_helper.rb:122:in `bind_listen'
  /opt/gitlab/embedded/lib/ruby/gems/2.4.0/gems/unicorn-5.1.0/lib/unicorn/http_server.rb:231:in `listen'
  /opt/gitlab/embedded/lib/ruby/gems/2.4.0/gems/unicorn-5.1.0/lib/unicorn/http_server.rb:808:in `block in bind_new_listeners!'
  /opt/gitlab/embedded/lib/ruby/gems/2.4.0/gems/unicorn-5.1.0/lib/unicorn/http_server.rb:808:in `each'
  /opt/gitlab/embedded/lib/ruby/gems/2.4.0/gems/unicorn-5.1.0/lib/unicorn/http_server.rb:808:in `bind_new_listeners!'
  /opt/gitlab/embedded/lib/ruby/gems/2.4.0/gems/unicorn-5.1.0/lib/unicorn/http_server.rb:130:in `start'
  /opt/gitlab/embedded/lib/ruby/gems/2.4.0/gems/unicorn-5.1.0/bin/unicorn:126:in `<top (required)>'
  /opt/gitlab/embedded/bin/unicorn:23:in `load'
  /opt/gitlab/embedded/bin/unicorn:23:in `<top (required)>'
I, [2018-11-10T04:37:23.612430 #1868]  INFO -- : Refreshing Gem list
I, [2018-11-10T04:38:07.405705 #1868]  INFO -- : listening on addr=127.0.0.1:8080 fd=24
F, [2018-11-10T04:38:07.408039 #1868] FATAL -- : error adding listener addr=/var/opt/gitlab/gitlab-rails/sockets/gitlab.socket
Errno::ENAMETOOLONG: File name too long - connect(2) for /var/opt/gitlab/gitlab-rails/sockets/gitlab.socket
  /opt/gitlab/embedded/lib/ruby/gems/2.4.0/gems/unicorn-5.1.0/lib/unicorn/socket_helper.rb:122:in `initialize'
  /opt/gitlab/embedded/lib/ruby/gems/2.4.0/gems/unicorn-5.1.0/lib/unicorn/socket_helper.rb:122:in `new'
  /opt/gitlab/embedded/lib/ruby/gems/2.4.0/gems/unicorn-5.1.0/lib/unicorn/socket_helper.rb:122:in `bind_listen'
  /opt/gitlab/embedded/lib/ruby/gems/2.4.0/gems/unicorn-5.1.0/lib/unicorn/http_server.rb:231:in `listen'
  /opt/gitlab/embedded/lib/ruby/gems/2.4.0/gems/unicorn-5.1.0/lib/unicorn/http_server.rb:808:in `block in bind_new_listeners!'
  /opt/gitlab/embedded/lib/ruby/gems/2.4.0/gems/unicorn-5.1.0/lib/unicorn/http_server.rb:808:in `each'
  /opt/gitlab/embedded/lib/ruby/gems/2.4.0/gems/unicorn-5.1.0/lib/unicorn/http_server.rb:808:in `bind_new_listeners!'
  /opt/gitlab/embedded/lib/ruby/gems/2.4.0/gems/unicorn-5.1.0/lib/unicorn/http_server.rb:130:in `start'
  /opt/gitlab/embedded/lib/ruby/gems/2.4.0/gems/unicorn-5.1.0/bin/unicorn:126:in `<top (required)>'
  /opt/gitlab/embedded/bin/unicorn:23:in `load'
  /opt/gitlab/embedded/bin/unicorn:23:in `<top (required)>'
I, [2018-11-10T04:38:09.387104 #1958]  INFO -- : Refreshing Gem list
